<?xml version="1.0" encoding="UTF-8"?>
<!-- Generated by org.testng.reporters.JUnitReportReporter -->
<testsuite hostname="LAPTOP-B0S2D05O" failures="0" tests="3" name="tests.JavaScriptAlertsTest" time="16.415" errors="0" timestamp="2025-08-08T23:25:33 IST" skipped="0">
  <testcase classname="tests.JavaScriptAlertsTest" name="testJsAlertText" time="5.166"/>
  <testcase classname="tests.JavaScriptAlertsTest" name="testJsAlertConfirm" time="6.402"/>
  <testcase classname="tests.JavaScriptAlertsTest" name="testJsAlertPrompt" time="4.847"/>
</testsuite> <!-- tests.JavaScriptAlertsTest -->
