<?xml version="1.0" encoding="UTF-8"?>
<!-- Generated by org.testng.reporters.JUnitReportReporter -->
<testsuite hostname="LAPTOP-B0S2D05O" failures="0" tests="3" name="tests.JavaScriptAlertsTest" time="18.936" errors="0" timestamp="2025-08-09T17:13:25 IST" skipped="0">
  <testcase classname="tests.JavaScriptAlertsTest" name="testJsAlertText" time="9.571"/>
  <testcase classname="tests.JavaScriptAlertsTest" name="testJsAlertConfirm" time="6.112"/>
  <testcase classname="tests.JavaScriptAlertsTest" name="testJsAlertPrompt" time="3.253"/>
</testsuite> <!-- tests.JavaScriptAlertsTest -->
