<?xml version="1.0" encoding="UTF-8"?>
<!-- Generated by org.testng.reporters.JUnitReportReporter -->
<testsuite hostname="LAPTOP-B0S2D05O" failures="0" tests="1" name="tests.DynamicLoadingEx1Test" time="14.994" errors="0" timestamp="2025-08-10T17:49:40 IST" skipped="0">
  <testcase classname="tests.DynamicLoadingEx1Test" name="handleEx1" time="14.994"/>
</testsuite> <!-- tests.DynamicLoadingEx1Test -->
