<?xml version="1.0" encoding="UTF-8"?>
<!-- Generated by org.testng.reporters.JUnitReportReporter -->
<testsuite hostname="LAPTOP-B0S2D05O" failures="0" tests="1" name="tests.FormAuthenticationTest" time="7.680" errors="0" timestamp="2025-08-09T11:00:52 IST" skipped="0">
  <testcase classname="tests.FormAuthenticationTest" name="validateLogin" time="7.680"/>
</testsuite> <!-- tests.FormAuthenticationTest -->
