<?xml version="1.0" encoding="UTF-8"?>
<!-- Generated by org.testng.reporters.JUnitReportReporter -->
<testsuite hostname="LAPTOP-B0S2D05O" failures="0" tests="3" name="tests.JavaScriptAlertsTest" time="18.459" errors="0" timestamp="2025-08-10T17:49:40 IST" skipped="0">
  <testcase classname="tests.JavaScriptAlertsTest" name="testJsAlertText" time="6.219"/>
  <testcase classname="tests.JavaScriptAlertsTest" name="testJsAlertConfirm" time="6.442"/>
  <testcase classname="tests.JavaScriptAlertsTest" name="testJsAlertPrompt" time="5.798"/>
</testsuite> <!-- tests.JavaScriptAlertsTest -->
