<?xml version="1.0" encoding="UTF-8"?>
<!-- Generated by org.testng.reporters.JUnitReportReporter -->
<testsuite hostname="LAPTOP-B0S2D05O" failures="0" tests="1" name="tests.HoversTest" time="5.578" errors="0" timestamp="2025-08-10T17:49:40 IST" skipped="0">
  <testcase classname="tests.HoversTest" name="hoverOver" time="5.578"/>
</testsuite> <!-- tests.HoversTest -->
