<?xml version="1.0" encoding="UTF-8"?>
<!-- Generated by org.testng.reporters.JUnitReportReporter -->
<testsuite hostname="LAPTOP-B0S2D05O" failures="0" tests="3" name="tests.JavaScriptAlertsTest" time="17.453" errors="0" timestamp="2025-08-09T11:00:52 IST" skipped="0">
  <testcase classname="tests.JavaScriptAlertsTest" name="testJsAlertText" time="3.084"/>
  <testcase classname="tests.JavaScriptAlertsTest" name="testJsAlertConfirm" time="8.957"/>
  <testcase classname="tests.JavaScriptAlertsTest" name="testJsAlertPrompt" time="5.412"/>
</testsuite> <!-- tests.JavaScriptAlertsTest -->
